#
# A fatal error has been detected by the Java Runtime Environment:
#
#  EXCEPTION_ACCESS_VIOLATION (0xc0000005) at pc=0x000000006dd17627, pid=1084, tid=11188
#
# JRE version: Java(TM) SE Runtime Environment (11.0.2+9) (build 11.0.2+9-LTS)
# Java VM: Java HotSpot(TM) 64-Bit Server VM (11.0.2+9-LTS, mixed mode, tiered, compressed oops, g1 gc, windows-amd64)
# Problematic frame:
# C  [nvoglv64.dll+0xea7627]
#
# No core dump will be written. Minidumps are not enabled by default on client versions of Windows
#
# If you would like to submit a bug report, please visit:
#   http://bugreport.java.com/bugreport/crash.jsp
# The crash happened outside the Java Virtual Machine in native code.
# See problematic frame for where to report the bug.
#

---------------  S U M M A R Y ------------

Command Line: -javaagent:C:\Program Files\JetBrains\IntelliJ IDEA 2018.3.4\lib\idea_rt.jar=57797:C:\Program Files\JetBrains\IntelliJ IDEA 2018.3.4\bin -Dfile.encoding=UTF-8 run.Main client 127.0.0.1 Matthias

Host: Intel(R) Core(TM) i7-6700K CPU @ 4.00GHz, 8 cores, 31G,  Windows 10 , 64 bit Build 16299 (10.0.16299.1087)
Time: Thu May  2 15:42:40 2019 W. Europe Daylight Time elapsed time: 19 seconds (0d 0h 0m 19s)

---------------  T H R E A D  ---------------

Current thread (0x0000015c7d0e2000):  JavaThread "Game-Loop" [_thread_in_native, id=11188, stack(0x00000058f4300000,0x00000058f4400000)]

Stack: [0x00000058f4300000,0x00000058f4400000],  sp=0x00000058f43ff1c8,  free space=1020k
Native frames: (J=compiled Java code, j=interpreted, Vv=VM code, C=native code)
C  [nvoglv64.dll+0xea7627]

Java frames: (J=compiled Java code, j=interpreted, Vv=VM code)
J 2034  org.lwjgl.opengl.GL11C.glDrawArrays(III)V (0 bytes) @ 0x0000015c65b4a619 [0x0000015c65b4a5c0+0x0000000000000059]
J 2069 c1 engine.render.fontrendering.FontRenderer.renderText(Lengine/render/fontmeshcreator/GuiText;)V (70 bytes) @ 0x0000015c5e91c614 [0x0000015c5e91bde0+0x0000000000000834]
j  engine.render.fontrendering.FontRenderer.render(Ljava/util/Map;)V+100
j  engine.render.fontrendering.TextMaster.render()V+6
j  game.stages.LoadingScreen.update()V+104
j  game.stages.LoadingScreen.progess()V+8
j  game.stages.LoadingScreen.updateLoadingMessage(Ljava/lang/String;)V+4
j  game.Game.run()V+114
j  java.lang.Thread.run()V+11 java.base@11.0.2
v  ~StubRoutines::call_stub

siginfo: EXCEPTION_ACCESS_VIOLATION (0xc0000005), reading address 0x0000000000000000


Register to memory mapping:

RIP=0x000000006dd17627 nvoglv64.dll
RAX=0x0000015c11eaebac points into unknown readable memory: 00 00 00 00
RBX=0x0000015c13350098 points into unknown readable memory: 00 00 00 00 00 00 00 00
RCX=0x0000000000000300 is an unknown value
RDX=0xfffffea3ee151454 is an unknown value
RSP=0x00000058f43ff1c8 is pointing into the stack for thread: 0x0000015c7d0e2000
RBP=0x0000000000000003 is an unknown value
RSI=0x0 is NULL
RDI=0x0000015c11eaebac points into unknown readable memory: 00 00 00 00
R8 =0x0000000000000030 is an unknown value
R9 =0x0000000000000030 is an unknown value
R10=0x0 is NULL
R11=0x0000015c11eaebac points into unknown readable memory: 00 00 00 00
R12=0x0 is NULL
R13=0x000000006ce70000 nvoglv64.dll
R14=0x0 is NULL
R15=0x0000015c1334fe18 points into unknown readable memory: 04 00 00 00 00 00 00 00


Registers:
RAX=0x0000015c11eaebac, RBX=0x0000015c13350098, RCX=0x0000000000000300, RDX=0xfffffea3ee151454
RSP=0x00000058f43ff1c8, RBP=0x0000000000000003, RSI=0x0000000000000000, RDI=0x0000015c11eaebac
R8 =0x0000000000000030, R9 =0x0000000000000030, R10=0x0000000000000000, R11=0x0000015c11eaebac
R12=0x0000000000000000, R13=0x000000006ce70000, R14=0x0000000000000000, R15=0x0000015c1334fe18
RIP=0x000000006dd17627, EFLAGS=0x0000000000010203

Top of Stack: (sp=0x00000058f43ff1c8)
0x00000058f43ff1c8:   000000006d8193fa 0000015c1334f080
0x00000058f43ff1d8:   000000006d68ab11 000004113eb9ff48
0x00000058f43ff1e8:   000000006d68d20b 0000015c7d0e2000
0x00000058f43ff1f8:   0000000000000030 0000000000000000
0x00000058f43ff208:   000000000030810b 0000015c1334fe18
0x00000058f43ff218:   000000006d81a1e2 0000015c1334f080
0x00000058f43ff228:   0000000000000004 0000000000000000
0x00000058f43ff238:   0000000000000000 0000015c7d0e2000
0x00000058f43ff248:   00000058f43ff2c8 00000058f43ff3c0
0x00000058f43ff258:   0000000000000000 0000000000017010
0x00000058f43ff268:   0000015c65b4a6b9 0000000000000003
0x00000058f43ff278:   00000058f43ff2e0 0000000000000000
0x00000058f43ff288:   000000000006f8f0 0000000000000030
0x00000058f43ff298:   0000015c3f800000 000000061ae5e658
0x00000058f43ff2a8:   0000000000000000 00000058f43ff360
0x00000058f43ff2b8:   00000058f43ff490 0000000618cdcde0 

Instructions: (pc=0x000000006dd17627)
0x000000006dd17607:   0f ba 25 c5 ab 64 01 01 0f 83 ab 01 00 00 49 8b
0x000000006dd17617:   c3 4c 8b df 48 8b f9 49 8b c8 4c 8b c6 49 8b f2
0x000000006dd17627:   f3 a4 49 8b f0 49 8b fb c3 0f 10 02 41 0f 10 4c
0x000000006dd17637:   10 f0 0f 11 01 41 0f 11 4c 08 f0 48 8b c1 c3 66 


Stack slot to memory mapping:
stack at sp + 0 slots: 0x000000006d8193fa nvoglv64.dll
stack at sp + 1 slots: 0x0000015c1334f080 points into unknown readable memory: 00 00 00 00 00 00 00 00
stack at sp + 2 slots: 0x000000006d68ab11 nvoglv64.dll
stack at sp + 3 slots: 0x000004113eb9ff48 is an unknown value
stack at sp + 4 slots: 0x000000006d68d20b nvoglv64.dll
stack at sp + 5 slots: 0x0000015c7d0e2000 is a thread
stack at sp + 6 slots: 0x0000000000000030 is an unknown value
stack at sp + 7 slots: 0x0 is NULL


---------------  P R O C E S S  ---------------

Threads class SMR info:
_java_thread_list=0x0000015c335f2af0, length=12, elements={
0x0000015c54472800, 0x0000015c7b667000, 0x0000015c7b695000, 0x0000015c7b6fe800,
0x0000015c7b700800, 0x0000015c7b701800, 0x0000015c7b706000, 0x0000015c7b6ab800,
0x0000015c7b8b0800, 0x0000015c7c772800, 0x0000015c7c5bf800, 0x0000015c7d0e2000
}

Java Threads: ( => current thread )
  0x0000015c54472800 JavaThread "main" [_thread_blocked, id=42672, stack(0x00000058f0e00000,0x00000058f0f00000)]
  0x0000015c7b667000 JavaThread "Reference Handler" daemon [_thread_blocked, id=64132, stack(0x00000058f1500000,0x00000058f1600000)]
  0x0000015c7b695000 JavaThread "Finalizer" daemon [_thread_blocked, id=54548, stack(0x00000058f1600000,0x00000058f1700000)]
  0x0000015c7b6fe800 JavaThread "Signal Dispatcher" daemon [_thread_blocked, id=65084, stack(0x00000058f1700000,0x00000058f1800000)]
  0x0000015c7b700800 JavaThread "Attach Listener" daemon [_thread_blocked, id=25824, stack(0x00000058f1800000,0x00000058f1900000)]
  0x0000015c7b701800 JavaThread "C2 CompilerThread0" daemon [_thread_blocked, id=56084, stack(0x00000058f1900000,0x00000058f1a00000)]
  0x0000015c7b706000 JavaThread "C1 CompilerThread0" daemon [_thread_blocked, id=70444, stack(0x00000058f1a00000,0x00000058f1b00000)]
  0x0000015c7b6ab800 JavaThread "Sweeper thread" daemon [_thread_blocked, id=60180, stack(0x00000058f1b00000,0x00000058f1c00000)]
  0x0000015c7b8b0800 JavaThread "Common-Cleaner" daemon [_thread_blocked, id=44580, stack(0x00000058f1c00000,0x00000058f1d00000)]
  0x0000015c7c772800 JavaThread "Monitor Ctrl-Break" daemon [_thread_in_native, id=48464, stack(0x00000058f1d00000,0x00000058f1e00000)]
  0x0000015c7c5bf800 JavaThread "Service Thread" daemon [_thread_blocked, id=72748, stack(0x00000058f1e00000,0x00000058f1f00000)]
=>0x0000015c7d0e2000 JavaThread "Game-Loop" [_thread_in_native, id=11188, stack(0x00000058f4300000,0x00000058f4400000)]

Other Threads:
  0x0000015c7b665800 VMThread "VM Thread" [stack: 0x00000058f1400000,0x00000058f1500000] [id=70744]
  0x0000015c7c4aa000 WatcherThread [stack: 0x00000058f1f00000,0x00000058f2000000] [id=59552]
  0x0000015c54489800 GCTaskThread "GC Thread#0" [stack: 0x00000058f0f00000,0x00000058f1000000] [id=33208]
  0x0000015c7c9de800 GCTaskThread "GC Thread#1" [stack: 0x00000058f2100000,0x00000058f2200000] [id=47416]
  0x0000015c7ce81000 GCTaskThread "GC Thread#2" [stack: 0x00000058f2200000,0x00000058f2300000] [id=56144]
  0x0000015c7ce82000 GCTaskThread "GC Thread#3" [stack: 0x00000058f2300000,0x00000058f2400000] [id=59936]
  0x0000015c7c9e4000 GCTaskThread "GC Thread#4" [stack: 0x00000058f2400000,0x00000058f2500000] [id=10268]
  0x0000015c7c9e5000 GCTaskThread "GC Thread#5" [stack: 0x00000058f2500000,0x00000058f2600000] [id=47524]
  0x0000015c7c92d000 GCTaskThread "GC Thread#6" [stack: 0x00000058f2600000,0x00000058f2700000] [id=66020]
  0x0000015c7c92e000 GCTaskThread "GC Thread#7" [stack: 0x00000058f2700000,0x00000058f2800000] [id=54504]
  0x0000015c5450a800 ConcurrentGCThread "G1 Main Marker" [stack: 0x00000058f1000000,0x00000058f1100000] [id=65840]
  0x0000015c5450c000 ConcurrentGCThread "G1 Conc#0" [stack: 0x00000058f1100000,0x00000058f1200000] [id=51860]
  0x0000015c33102000 ConcurrentGCThread "G1 Conc#1" [stack: 0x00000058f4000000,0x00000058f4100000] [id=18656]
  0x0000015c7ae62000 ConcurrentGCThread "G1 Refine#0" [stack: 0x00000058f1200000,0x00000058f1300000] [id=52724]
  0x0000015c7ae63000 ConcurrentGCThread "G1 Young RemSet Sampling" [stack: 0x00000058f1300000,0x00000058f1400000] [id=35292]

Threads with active compile tasks:

VM state:not at safepoint (normal execution)

VM Mutex/Monitor currently owned by a thread: None

Heap address: 0x0000000601200000, size: 8174 MB, Compressed Oops mode: Zero based, Oop shift amount: 3
Narrow klass base: 0x0000000800000000, Narrow klass shift: 0
Compressed class space size: 1073741824 Address: 0x0000000800000000

Heap:
 garbage-first heap   total 524288K, used 104202K [0x0000000601200000, 0x0000000800000000)
  region size 2048K, 53 young (108544K), 3 survivors (6144K)
 Metaspace       used 22940K, capacity 23468K, committed 23552K, reserved 1071104K
  class space    used 2037K, capacity 2263K, committed 2304K, reserved 1048576K
Heap Regions: E=young(eden), S=young(survivor), O=old, HS=humongous(starts), HC=humongous(continues), CS=collection set, F=free, A=archive, TAMS=top-at-mark-start (previous, next)
|   0|0x0000000601200000, 0x0000000601200000, 0x0000000601400000|  0%| F|  |TAMS 0x0000000601200000, 0x0000000601200000| Untracked 
|   1|0x0000000601400000, 0x0000000601400000, 0x0000000601600000|  0%| F|  |TAMS 0x0000000601400000, 0x0000000601400000| Untracked 
|   2|0x0000000601600000, 0x0000000601600000, 0x0000000601800000|  0%| F|  |TAMS 0x0000000601600000, 0x0000000601600000| Untracked 
|   3|0x0000000601800000, 0x0000000601800000, 0x0000000601a00000|  0%| F|  |TAMS 0x0000000601800000, 0x0000000601800000| Untracked 
|   4|0x0000000601a00000, 0x0000000601a00000, 0x0000000601c00000|  0%| F|  |TAMS 0x0000000601a00000, 0x0000000601a00000| Untracked 
|   5|0x0000000601c00000, 0x0000000601c00000, 0x0000000601e00000|  0%| F|  |TAMS 0x0000000601c00000, 0x0000000601c00000| Untracked 
|   6|0x0000000601e00000, 0x0000000601e00000, 0x0000000602000000|  0%| F|  |TAMS 0x0000000601e00000, 0x0000000601e00000| Untracked 
|   7|0x0000000602000000, 0x0000000602000000, 0x0000000602200000|  0%| F|  |TAMS 0x0000000602000000, 0x0000000602000000| Untracked 
|   8|0x0000000602200000, 0x0000000602200000, 0x0000000602400000|  0%| F|  |TAMS 0x0000000602200000, 0x0000000602200000| Untracked 
|   9|0x0000000602400000, 0x0000000602400000, 0x0000000602600000|  0%| F|  |TAMS 0x0000000602400000, 0x0000000602400000| Untracked 
|  10|0x0000000602600000, 0x0000000602600000, 0x0000000602800000|  0%| F|  |TAMS 0x0000000602600000, 0x0000000602600000| Untracked 
|  11|0x0000000602800000, 0x0000000602800000, 0x0000000602a00000|  0%| F|  |TAMS 0x0000000602800000, 0x0000000602800000| Untracked 
|  12|0x0000000602a00000, 0x0000000602a00000, 0x0000000602c00000|  0%| F|  |TAMS 0x0000000602a00000, 0x0000000602a00000| Untracked 
|  13|0x0000000602c00000, 0x0000000602c00000, 0x0000000602e00000|  0%| F|  |TAMS 0x0000000602c00000, 0x0000000602c00000| Untracked 
|  14|0x0000000602e00000, 0x0000000602e00000, 0x0000000603000000|  0%| F|  |TAMS 0x0000000602e00000, 0x0000000602e00000| Untracked 
|  15|0x0000000603000000, 0x0000000603000000, 0x0000000603200000|  0%| F|  |TAMS 0x0000000603000000, 0x0000000603000000| Untracked 
|  16|0x0000000603200000, 0x0000000603200000, 0x0000000603400000|  0%| F|  |TAMS 0x0000000603200000, 0x0000000603200000| Untracked 
|  17|0x0000000603400000, 0x0000000603400000, 0x0000000603600000|  0%| F|  |TAMS 0x0000000603400000, 0x0000000603400000| Untracked 
|  18|0x0000000603600000, 0x0000000603600000, 0x0000000603800000|  0%| F|  |TAMS 0x0000000603600000, 0x0000000603600000| Untracked 
|  19|0x0000000603800000, 0x0000000603800000, 0x0000000603a00000|  0%| F|  |TAMS 0x0000000603800000, 0x0000000603800000| Untracked 
|  20|0x0000000603a00000, 0x0000000603a00000, 0x0000000603c00000|  0%| F|  |TAMS 0x0000000603a00000, 0x0000000603a00000| Untracked 
|  21|0x0000000603c00000, 0x0000000603c00000, 0x0000000603e00000|  0%| F|  |TAMS 0x0000000603c00000, 0x0000000603c00000| Untracked 
|  22|0x0000000603e00000, 0x0000000603e00000, 0x0000000604000000|  0%| F|  |TAMS 0x0000000603e00000, 0x0000000603e00000| Untracked 
|  23|0x0000000604000000, 0x0000000604000000, 0x0000000604200000|  0%| F|  |TAMS 0x0000000604000000, 0x0000000604000000| Untracked 
|  24|0x0000000604200000, 0x0000000604200000, 0x0000000604400000|  0%| F|  |TAMS 0x0000000604200000, 0x0000000604200000| Untracked 
|  25|0x0000000604400000, 0x0000000604400000, 0x0000000604600000|  0%| F|  |TAMS 0x0000000604400000, 0x0000000604400000| Untracked 
|  26|0x0000000604600000, 0x0000000604600000, 0x0000000604800000|  0%| F|  |TAMS 0x0000000604600000, 0x0000000604600000| Untracked 
|  27|0x0000000604800000, 0x0000000604800000, 0x0000000604a00000|  0%| F|  |TAMS 0x0000000604800000, 0x0000000604800000| Untracked 
|  28|0x0000000604a00000, 0x0000000604a00000, 0x0000000604c00000|  0%| F|  |TAMS 0x0000000604a00000, 0x0000000604a00000| Untracked 
|  29|0x0000000604c00000, 0x0000000604c00000, 0x0000000604e00000|  0%| F|  |TAMS 0x0000000604c00000, 0x0000000604c00000| Untracked 
|  30|0x0000000604e00000, 0x0000000604e00000, 0x0000000605000000|  0%| F|  |TAMS 0x0000000604e00000, 0x0000000604e00000| Untracked 
|  31|0x0000000605000000, 0x0000000605000000, 0x0000000605200000|  0%| F|  |TAMS 0x0000000605000000, 0x0000000605000000| Untracked 
|  32|0x0000000605200000, 0x0000000605200000, 0x0000000605400000|  0%| F|  |TAMS 0x0000000605200000, 0x0000000605200000| Untracked 
|  33|0x0000000605400000, 0x0000000605400000, 0x0000000605600000|  0%| F|  |TAMS 0x0000000605400000, 0x0000000605400000| Untracked 
|  34|0x0000000605600000, 0x0000000605600000, 0x0000000605800000|  0%| F|  |TAMS 0x0000000605600000, 0x0000000605600000| Untracked 
|  35|0x0000000605800000, 0x0000000605800000, 0x0000000605a00000|  0%| F|  |TAMS 0x0000000605800000, 0x0000000605800000| Untracked 
|  36|0x0000000605a00000, 0x0000000605a00000, 0x0000000605c00000|  0%| F|  |TAMS 0x0000000605a00000, 0x0000000605a00000| Untracked 
|  37|0x0000000605c00000, 0x0000000605c00000, 0x0000000605e00000|  0%| F|  |TAMS 0x0000000605c00000, 0x0000000605c00000| Untracked 
|  38|0x0000000605e00000, 0x0000000605e00000, 0x0000000606000000|  0%| F|  |TAMS 0x0000000605e00000, 0x0000000605e00000| Untracked 
|  39|0x0000000606000000, 0x0000000606000000, 0x0000000606200000|  0%| F|  |TAMS 0x0000000606000000, 0x0000000606000000| Untracked 
|  40|0x0000000606200000, 0x0000000606200000, 0x0000000606400000|  0%| F|  |TAMS 0x0000000606200000, 0x0000000606200000| Untracked 
|  41|0x0000000606400000, 0x0000000606400000, 0x0000000606600000|  0%| F|  |TAMS 0x0000000606400000, 0x0000000606400000| Untracked 
|  42|0x0000000606600000, 0x0000000606600000, 0x0000000606800000|  0%| F|  |TAMS 0x0000000606600000, 0x0000000606600000| Untracked 
|  43|0x0000000606800000, 0x0000000606800000, 0x0000000606a00000|  0%| F|  |TAMS 0x0000000606800000, 0x0000000606800000| Untracked 
|  44|0x0000000606a00000, 0x0000000606a00000, 0x0000000606c00000|  0%| F|  |TAMS 0x0000000606a00000, 0x0000000606a00000| Untracked 
|  45|0x0000000606c00000, 0x0000000606c00000, 0x0000000606e00000|  0%| F|  |TAMS 0x0000000606c00000, 0x0000000606c00000| Untracked 
|  46|0x0000000606e00000, 0x0000000606e00000, 0x0000000607000000|  0%| F|  |TAMS 0x0000000606e00000, 0x0000000606e00000| Untracked 
|  47|0x0000000607000000, 0x0000000607000000, 0x0000000607200000|  0%| F|  |TAMS 0x0000000607000000, 0x0000000607000000| Untracked 
|  48|0x0000000607200000, 0x0000000607200000, 0x0000000607400000|  0%| F|  |TAMS 0x0000000607200000, 0x0000000607200000| Untracked 
|  49|0x0000000607400000, 0x0000000607400000, 0x0000000607600000|  0%| F|  |TAMS 0x0000000607400000, 0x0000000607400000| Untracked 
|  50|0x0000000607600000, 0x0000000607600000, 0x0000000607800000|  0%| F|  |TAMS 0x0000000607600000, 0x0000000607600000| Untracked 
|  51|0x0000000607800000, 0x0000000607800000, 0x0000000607a00000|  0%| F|  |TAMS 0x0000000607800000, 0x0000000607800000| Untracked 
|  52|0x0000000607a00000, 0x0000000607a00000, 0x0000000607c00000|  0%| F|  |TAMS 0x0000000607a00000, 0x0000000607a00000| Untracked 
|  53|0x0000000607c00000, 0x0000000607c00000, 0x0000000607e00000|  0%| F|  |TAMS 0x0000000607c00000, 0x0000000607c00000| Untracked 
|  54|0x0000000607e00000, 0x0000000607e00000, 0x0000000608000000|  0%| F|  |TAMS 0x0000000607e00000, 0x0000000607e00000| Untracked 
|  55|0x0000000608000000, 0x0000000608000000, 0x0000000608200000|  0%| F|  |TAMS 0x0000000608000000, 0x0000000608000000| Untracked 
|  56|0x0000000608200000, 0x0000000608200000, 0x0000000608400000|  0%| F|  |TAMS 0x0000000608200000, 0x0000000608200000| Untracked 
|  57|0x0000000608400000, 0x0000000608400000, 0x0000000608600000|  0%| F|  |TAMS 0x0000000608400000, 0x0000000608400000| Untracked 
|  58|0x0000000608600000, 0x0000000608600000, 0x0000000608800000|  0%| F|  |TAMS 0x0000000608600000, 0x0000000608600000| Untracked 
|  59|0x0000000608800000, 0x0000000608800000, 0x0000000608a00000|  0%| F|  |TAMS 0x0000000608800000, 0x0000000608800000| Untracked 
|  60|0x0000000608a00000, 0x0000000608a00000, 0x0000000608c00000|  0%| F|  |TAMS 0x0000000608a00000, 0x0000000608a00000| Untracked 
|  61|0x0000000608c00000, 0x0000000608c00000, 0x0000000608e00000|  0%| F|  |TAMS 0x0000000608c00000, 0x0000000608c00000| Untracked 
|  62|0x0000000608e00000, 0x0000000608e00000, 0x0000000609000000|  0%| F|  |TAMS 0x0000000608e00000, 0x0000000608e00000| Untracked 
|  63|0x0000000609000000, 0x0000000609000000, 0x0000000609200000|  0%| F|  |TAMS 0x0000000609000000, 0x0000000609000000| Untracked 
|  64|0x0000000609200000, 0x0000000609200000, 0x0000000609400000|  0%| F|  |TAMS 0x0000000609200000, 0x0000000609200000| Untracked 
|  65|0x0000000609400000, 0x0000000609400000, 0x0000000609600000|  0%| F|  |TAMS 0x0000000609400000, 0x0000000609400000| Untracked 
|  66|0x0000000609600000, 0x0000000609600000, 0x0000000609800000|  0%| F|  |TAMS 0x0000000609600000, 0x0000000609600000| Untracked 
|  67|0x0000000609800000, 0x0000000609800000, 0x0000000609a00000|  0%| F|  |TAMS 0x0000000609800000, 0x0000000609800000| Untracked 
|  68|0x0000000609a00000, 0x0000000609a00000, 0x0000000609c00000|  0%| F|  |TAMS 0x0000000609a00000, 0x0000000609a00000| Untracked 
|  69|0x0000000609c00000, 0x0000000609c00000, 0x0000000609e00000|  0%| F|  |TAMS 0x0000000609c00000, 0x0000000609c00000| Untracked 
|  70|0x0000000609e00000, 0x0000000609e00000, 0x000000060a000000|  0%| F|  |TAMS 0x0000000609e00000, 0x0000000609e00000| Untracked 
|  71|0x000000060a000000, 0x000000060a000000, 0x000000060a200000|  0%| F|  |TAMS 0x000000060a000000, 0x000000060a000000| Untracked 
|  72|0x000000060a200000, 0x000000060a200000, 0x000000060a400000|  0%| F|  |TAMS 0x000000060a200000, 0x000000060a200000| Untracked 
|  73|0x000000060a400000, 0x000000060a400000, 0x000000060a600000|  0%| F|  |TAMS 0x000000060a400000, 0x000000060a400000| Untracked 
|  74|0x000000060a600000, 0x000000060a600000, 0x000000060a800000|  0%| F|  |TAMS 0x000000060a600000, 0x000000060a600000| Untracked 
|  75|0x000000060a800000, 0x000000060a800000, 0x000000060aa00000|  0%| F|  |TAMS 0x000000060a800000, 0x000000060a800000| Untracked 
|  76|0x000000060aa00000, 0x000000060aa00000, 0x000000060ac00000|  0%| F|  |TAMS 0x000000060aa00000, 0x000000060aa00000| Untracked 
|  77|0x000000060ac00000, 0x000000060ac00000, 0x000000060ae00000|  0%| F|  |TAMS 0x000000060ac00000, 0x000000060ac00000| Untracked 
|  78|0x000000060ae00000, 0x000000060ae00000, 0x000000060b000000|  0%| F|  |TAMS 0x000000060ae00000, 0x000000060ae00000| Untracked 
|  79|0x000000060b000000, 0x000000060b000000, 0x000000060b200000|  0%| F|  |TAMS 0x000000060b000000, 0x000000060b000000| Untracked 
|  80|0x000000060b200000, 0x000000060b200000, 0x000000060b400000|  0%| F|  |TAMS 0x000000060b200000, 0x000000060b200000| Untracked 
|  81|0x000000060b400000, 0x000000060b400000, 0x000000060b600000|  0%| F|  |TAMS 0x000000060b400000, 0x000000060b400000| Untracked 
|  82|0x000000060b600000, 0x000000060b600000, 0x000000060b800000|  0%| F|  |TAMS 0x000000060b600000, 0x000000060b600000| Untracked 
|  83|0x000000060b800000, 0x000000060b800000, 0x000000060ba00000|  0%| F|  |TAMS 0x000000060b800000, 0x000000060b800000| Untracked 
|  84|0x000000060ba00000, 0x000000060ba00000, 0x000000060bc00000|  0%| F|  |TAMS 0x000000060ba00000, 0x000000060ba00000| Untracked 
|  85|0x000000060bc00000, 0x000000060bc00000, 0x000000060be00000|  0%| F|  |TAMS 0x000000060bc00000, 0x000000060bc00000| Untracked 
|  86|0x000000060be00000, 0x000000060be00000, 0x000000060c000000|  0%| F|  |TAMS 0x000000060be00000, 0x000000060be00000| Untracked 
|  87|0x000000060c000000, 0x000000060c000000, 0x000000060c200000|  0%| F|  |TAMS 0x000000060c000000, 0x000000060c000000| Untracked 
|  88|0x000000060c200000, 0x000000060c200000, 0x000000060c400000|  0%| F|  |TAMS 0x000000060c200000, 0x000000060c200000| Untracked 
|  89|0x000000060c400000, 0x000000060c400000, 0x000000060c600000|  0%| F|  |TAMS 0x000000060c400000, 0x000000060c400000| Untracked 
|  90|0x000000060c600000, 0x000000060c600000, 0x000000060c800000|  0%| F|  |TAMS 0x000000060c600000, 0x000000060c600000| Untracked 
|  91|0x000000060c800000, 0x000000060c800000, 0x000000060ca00000|  0%| F|  |TAMS 0x000000060c800000, 0x000000060c800000| Untracked 
|  92|0x000000060ca00000, 0x000000060ca00000, 0x000000060cc00000|  0%| F|  |TAMS 0x000000060ca00000, 0x000000060ca00000| Untracked 
|  93|0x000000060cc00000, 0x000000060cc00000, 0x000000060ce00000|  0%| F|  |TAMS 0x000000060cc00000, 0x000000060cc00000| Untracked 
|  94|0x000000060ce00000, 0x000000060ce00000, 0x000000060d000000|  0%| F|  |TAMS 0x000000060ce00000, 0x000000060ce00000| Untracked 
|  95|0x000000060d000000, 0x000000060d000000, 0x000000060d200000|  0%| F|  |TAMS 0x000000060d000000, 0x000000060d000000| Untracked 
|  96|0x000000060d200000, 0x000000060d200000, 0x000000060d400000|  0%| F|  |TAMS 0x000000060d200000, 0x000000060d200000| Untracked 
|  97|0x000000060d400000, 0x000000060d400000, 0x000000060d600000|  0%| F|  |TAMS 0x000000060d400000, 0x000000060d400000| Untracked 
|  98|0x000000060d600000, 0x000000060d600000, 0x000000060d800000|  0%| F|  |TAMS 0x000000060d600000, 0x000000060d600000| Untracked 
|  99|0x000000060d800000, 0x000000060d800000, 0x000000060da00000|  0%| F|  |TAMS 0x000000060d800000, 0x000000060d800000| Untracked 
| 100|0x000000060da00000, 0x000000060da00000, 0x000000060dc00000|  0%| F|  |TAMS 0x000000060da00000, 0x000000060da00000| Untracked 
| 101|0x000000060dc00000, 0x000000060dc00000, 0x000000060de00000|  0%| F|  |TAMS 0x000000060dc00000, 0x000000060dc00000| Untracked 
| 102|0x000000060de00000, 0x000000060de00000, 0x000000060e000000|  0%| F|  |TAMS 0x000000060de00000, 0x000000060de00000| Untracked 
| 103|0x000000060e000000, 0x000000060e000000, 0x000000060e200000|  0%| F|  |TAMS 0x000000060e000000, 0x000000060e000000| Untracked 
| 104|0x000000060e200000, 0x000000060e200000, 0x000000060e400000|  0%| F|  |TAMS 0x000000060e200000, 0x000000060e200000| Untracked 
| 105|0x000000060e400000, 0x000000060e400000, 0x000000060e600000|  0%| F|  |TAMS 0x000000060e400000, 0x000000060e400000| Untracked 
| 106|0x000000060e600000, 0x000000060e600000, 0x000000060e800000|  0%| F|  |TAMS 0x000000060e600000, 0x000000060e600000| Untracked 
| 107|0x000000060e800000, 0x000000060e800000, 0x000000060ea00000|  0%| F|  |TAMS 0x000000060e800000, 0x000000060e800000| Untracked 
| 108|0x000000060ea00000, 0x000000060ea00000, 0x000000060ec00000|  0%| F|  |TAMS 0x000000060ea00000, 0x000000060ea00000| Untracked 
| 109|0x000000060ec00000, 0x000000060ec00000, 0x000000060ee00000|  0%| F|  |TAMS 0x000000060ec00000, 0x000000060ec00000| Untracked 
| 110|0x000000060ee00000, 0x000000060ee00000, 0x000000060f000000|  0%| F|  |TAMS 0x000000060ee00000, 0x000000060ee00000| Untracked 
| 111|0x000000060f000000, 0x000000060f000000, 0x000000060f200000|  0%| F|  |TAMS 0x000000060f000000, 0x000000060f000000| Untracked 
| 112|0x000000060f200000, 0x000000060f200000, 0x000000060f400000|  0%| F|  |TAMS 0x000000060f200000, 0x000000060f200000| Untracked 
| 113|0x000000060f400000, 0x000000060f400000, 0x000000060f600000|  0%| F|  |TAMS 0x000000060f400000, 0x000000060f400000| Untracked 
| 114|0x000000060f600000, 0x000000060f600000, 0x000000060f800000|  0%| F|  |TAMS 0x000000060f600000, 0x000000060f600000| Untracked 
| 115|0x000000060f800000, 0x000000060f800000, 0x000000060fa00000|  0%| F|  |TAMS 0x000000060f800000, 0x000000060f800000| Untracked 
| 116|0x000000060fa00000, 0x000000060fa00000, 0x000000060fc00000|  0%| F|  |TAMS 0x000000060fa00000, 0x000000060fa00000| Untracked 
| 117|0x000000060fc00000, 0x000000060fc00000, 0x000000060fe00000|  0%| F|  |TAMS 0x000000060fc00000, 0x000000060fc00000| Untracked 
| 118|0x000000060fe00000, 0x000000060fe00000, 0x0000000610000000|  0%| F|  |TAMS 0x000000060fe00000, 0x000000060fe00000| Untracked 
| 119|0x0000000610000000, 0x0000000610000000, 0x0000000610200000|  0%| F|  |TAMS 0x0000000610000000, 0x0000000610000000| Untracked 
| 120|0x0000000610200000, 0x0000000610200000, 0x0000000610400000|  0%| F|  |TAMS 0x0000000610200000, 0x0000000610200000| Untracked 
| 121|0x0000000610400000, 0x0000000610400000, 0x0000000610600000|  0%| F|  |TAMS 0x0000000610400000, 0x0000000610400000| Untracked 
| 122|0x0000000610600000, 0x0000000610600000, 0x0000000610800000|  0%| F|  |TAMS 0x0000000610600000, 0x0000000610600000| Untracked 
| 123|0x0000000610800000, 0x0000000610800000, 0x0000000610a00000|  0%| F|  |TAMS 0x0000000610800000, 0x0000000610800000| Untracked 
| 124|0x0000000610a00000, 0x0000000610a00000, 0x0000000610c00000|  0%| F|  |TAMS 0x0000000610a00000, 0x0000000610a00000| Untracked 
| 125|0x0000000610c00000, 0x0000000610c00000, 0x0000000610e00000|  0%| F|  |TAMS 0x0000000610c00000, 0x0000000610c00000| Untracked 
| 126|0x0000000610e00000, 0x0000000610e00000, 0x0000000611000000|  0%| F|  |TAMS 0x0000000610e00000, 0x0000000610e00000| Untracked 
| 127|0x0000000611000000, 0x0000000611000000, 0x0000000611200000|  0%| F|  |TAMS 0x0000000611000000, 0x0000000611000000| Untracked 
| 128|0x0000000611200000, 0x0000000611200000, 0x0000000611400000|  0%| F|  |TAMS 0x0000000611200000, 0x0000000611200000| Untracked 
| 129|0x0000000611400000, 0x0000000611400000, 0x0000000611600000|  0%| F|  |TAMS 0x0000000611400000, 0x0000000611400000| Untracked 
| 130|0x0000000611600000, 0x0000000611600000, 0x0000000611800000|  0%| F|  |TAMS 0x0000000611600000, 0x0000000611600000| Untracked 
| 131|0x0000000611800000, 0x0000000611800000, 0x0000000611a00000|  0%| F|  |TAMS 0x0000000611800000, 0x0000000611800000| Untracked 
| 132|0x0000000611a00000, 0x0000000611a00000, 0x0000000611c00000|  0%| F|  |TAMS 0x0000000611a00000, 0x0000000611a00000| Untracked 
| 133|0x0000000611c00000, 0x0000000611c00000, 0x0000000611e00000|  0%| F|  |TAMS 0x0000000611c00000, 0x0000000611c00000| Untracked 
| 134|0x0000000611e00000, 0x0000000611e00000, 0x0000000612000000|  0%| F|  |TAMS 0x0000000611e00000, 0x0000000611e00000| Untracked 
| 135|0x0000000612000000, 0x0000000612000000, 0x0000000612200000|  0%| F|  |TAMS 0x0000000612000000, 0x0000000612000000| Untracked 
| 136|0x0000000612200000, 0x0000000612200000, 0x0000000612400000|  0%| F|  |TAMS 0x0000000612200000, 0x0000000612200000| Untracked 
| 137|0x0000000612400000, 0x0000000612400000, 0x0000000612600000|  0%| F|  |TAMS 0x0000000612400000, 0x0000000612400000| Untracked 
| 138|0x0000000612600000, 0x0000000612600000, 0x0000000612800000|  0%| F|  |TAMS 0x0000000612600000, 0x0000000612600000| Untracked 
| 139|0x0000000612800000, 0x0000000612800000, 0x0000000612a00000|  0%| F|  |TAMS 0x0000000612800000, 0x0000000612800000| Untracked 
| 140|0x0000000612a00000, 0x0000000612a00000, 0x0000000612c00000|  0%| F|  |TAMS 0x0000000612a00000, 0x0000000612a00000| Untracked 
| 141|0x0000000612c00000, 0x0000000612c00000, 0x0000000612e00000|  0%| F|  |TAMS 0x0000000612c00000, 0x0000000612c00000| Untracked 
| 142|0x0000000612e00000, 0x0000000612e00000, 0x0000000613000000|  0%| F|  |TAMS 0x0000000612e00000, 0x0000000612e00000| Untracked 
| 143|0x0000000613000000, 0x0000000613000000, 0x0000000613200000|  0%| F|  |TAMS 0x0000000613000000, 0x0000000613000000| Untracked 
| 144|0x0000000613200000, 0x0000000613200000, 0x0000000613400000|  0%| F|  |TAMS 0x0000000613200000, 0x0000000613200000| Untracked 
| 145|0x0000000613400000, 0x0000000613400000, 0x0000000613600000|  0%| F|  |TAMS 0x0000000613400000, 0x0000000613400000| Untracked 
| 146|0x0000000613600000, 0x0000000613600000, 0x0000000613800000|  0%| F|  |TAMS 0x0000000613600000, 0x0000000613600000| Untracked 
| 147|0x0000000613800000, 0x0000000613800000, 0x0000000613a00000|  0%| F|  |TAMS 0x0000000613800000, 0x0000000613800000| Untracked 
| 148|0x0000000613a00000, 0x0000000613a00000, 0x0000000613c00000|  0%| F|  |TAMS 0x0000000613a00000, 0x0000000613a00000| Untracked 
| 149|0x0000000613c00000, 0x0000000613c00000, 0x0000000613e00000|  0%| F|  |TAMS 0x0000000613c00000, 0x0000000613c00000| Untracked 
| 150|0x0000000613e00000, 0x0000000613e00000, 0x0000000614000000|  0%| F|  |TAMS 0x0000000613e00000, 0x0000000613e00000| Untracked 
| 151|0x0000000614000000, 0x0000000614000000, 0x0000000614200000|  0%| F|  |TAMS 0x0000000614000000, 0x0000000614000000| Untracked 
| 152|0x0000000614200000, 0x0000000614200000, 0x0000000614400000|  0%| F|  |TAMS 0x0000000614200000, 0x0000000614200000| Untracked 
| 153|0x0000000614400000, 0x0000000614400000, 0x0000000614600000|  0%| F|  |TAMS 0x0000000614400000, 0x0000000614400000| Untracked 
| 154|0x0000000614600000, 0x0000000614600000, 0x0000000614800000|  0%| F|  |TAMS 0x0000000614600000, 0x0000000614600000| Untracked 
| 155|0x0000000614800000, 0x0000000614800000, 0x0000000614a00000|  0%| F|  |TAMS 0x0000000614800000, 0x0000000614800000| Untracked 
| 156|0x0000000614a00000, 0x0000000614a00000, 0x0000000614c00000|  0%| F|  |TAMS 0x0000000614a00000, 0x0000000614a00000| Untracked 
| 157|0x0000000614c00000, 0x0000000614c00000, 0x0000000614e00000|  0%| F|  |TAMS 0x0000000614c00000, 0x0000000614c00000| Untracked 
| 158|0x0000000614e00000, 0x0000000614e00000, 0x0000000615000000|  0%| F|  |TAMS 0x0000000614e00000, 0x0000000614e00000| Untracked 
| 159|0x0000000615000000, 0x0000000615000000, 0x0000000615200000|  0%| F|  |TAMS 0x0000000615000000, 0x0000000615000000| Untracked 
| 160|0x0000000615200000, 0x0000000615200000, 0x0000000615400000|  0%| F|  |TAMS 0x0000000615200000, 0x0000000615200000| Untracked 
| 161|0x0000000615400000, 0x0000000615400000, 0x0000000615600000|  0%| F|  |TAMS 0x0000000615400000, 0x0000000615400000| Untracked 
| 162|0x0000000615600000, 0x0000000615600000, 0x0000000615800000|  0%| F|  |TAMS 0x0000000615600000, 0x0000000615600000| Untracked 
| 163|0x0000000615800000, 0x0000000615800000, 0x0000000615a00000|  0%| F|  |TAMS 0x0000000615800000, 0x0000000615800000| Untracked 
| 164|0x0000000615a00000, 0x0000000615a00000, 0x0000000615c00000|  0%| F|  |TAMS 0x0000000615a00000, 0x0000000615a00000| Untracked 
| 165|0x0000000615c00000, 0x0000000615c00000, 0x0000000615e00000|  0%| F|  |TAMS 0x0000000615c00000, 0x0000000615c00000| Untracked 
| 166|0x0000000615e00000, 0x0000000615e00000, 0x0000000616000000|  0%| F|  |TAMS 0x0000000615e00000, 0x0000000615e00000| Untracked 
| 167|0x0000000616000000, 0x0000000616000000, 0x0000000616200000|  0%| F|  |TAMS 0x0000000616000000, 0x0000000616000000| Untracked 
| 168|0x0000000616200000, 0x0000000616200000, 0x0000000616400000|  0%| F|  |TAMS 0x0000000616200000, 0x0000000616200000| Untracked 
| 169|0x0000000616400000, 0x0000000616400000, 0x0000000616600000|  0%| F|  |TAMS 0x0000000616400000, 0x0000000616400000| Untracked 
| 170|0x0000000616600000, 0x0000000616600000, 0x0000000616800000|  0%| F|  |TAMS 0x0000000616600000, 0x0000000616600000| Untracked 
| 171|0x0000000616800000, 0x0000000616800000, 0x0000000616a00000|  0%| F|  |TAMS 0x0000000616800000, 0x0000000616800000| Untracked 
| 172|0x0000000616a00000, 0x0000000616a00000, 0x0000000616c00000|  0%| F|  |TAMS 0x0000000616a00000, 0x0000000616a00000| Untracked 
| 173|0x0000000616c00000, 0x0000000616c00000, 0x0000000616e00000|  0%| F|  |TAMS 0x0000000616c00000, 0x0000000616c00000| Untracked 
| 174|0x0000000616e00000, 0x0000000616e00000, 0x0000000617000000|  0%| F|  |TAMS 0x0000000616e00000, 0x0000000616e00000| Untracked 
| 175|0x0000000617000000, 0x0000000617000000, 0x0000000617200000|  0%| F|  |TAMS 0x0000000617000000, 0x0000000617000000| Untracked 
| 176|0x0000000617200000, 0x0000000617200000, 0x0000000617400000|  0%| F|  |TAMS 0x0000000617200000, 0x0000000617200000| Untracked 
| 177|0x0000000617400000, 0x0000000617400000, 0x0000000617600000|  0%| F|  |TAMS 0x0000000617400000, 0x0000000617400000| Untracked 
| 178|0x0000000617600000, 0x0000000617600000, 0x0000000617800000|  0%| F|  |TAMS 0x0000000617600000, 0x0000000617600000| Untracked 
| 179|0x0000000617800000, 0x0000000617800000, 0x0000000617a00000|  0%| F|  |TAMS 0x0000000617800000, 0x0000000617800000| Untracked 
| 180|0x0000000617a00000, 0x0000000617a00000, 0x0000000617c00000|  0%| F|  |TAMS 0x0000000617a00000, 0x0000000617a00000| Untracked 
| 181|0x0000000617c00000, 0x0000000617c00000, 0x0000000617e00000|  0%| F|  |TAMS 0x0000000617c00000, 0x0000000617c00000| Untracked 
| 182|0x0000000617e00000, 0x0000000617e00000, 0x0000000618000000|  0%| F|  |TAMS 0x0000000617e00000, 0x0000000617e00000| Untracked 
| 183|0x0000000618000000, 0x0000000618000000, 0x0000000618200000|  0%| F|  |TAMS 0x0000000618000000, 0x0000000618000000| Untracked 
| 184|0x0000000618200000, 0x0000000618200000, 0x0000000618400000|  0%| F|  |TAMS 0x0000000618200000, 0x0000000618200000| Untracked 
| 185|0x0000000618400000, 0x0000000618400000, 0x0000000618600000|  0%| F|  |TAMS 0x0000000618400000, 0x0000000618400000| Untracked 
| 186|0x0000000618600000, 0x0000000618600000, 0x0000000618800000|  0%| F|  |TAMS 0x0000000618600000, 0x0000000618600000| Untracked 
| 187|0x0000000618800000, 0x0000000618800000, 0x0000000618a00000|  0%| F|  |TAMS 0x0000000618800000, 0x0000000618800000| Untracked 
| 188|0x0000000618a00000, 0x0000000618a00000, 0x0000000618c00000|  0%| F|  |TAMS 0x0000000618a00000, 0x0000000618a00000| Untracked 
| 189|0x0000000618c00000, 0x0000000618dc29b8, 0x0000000618e00000| 88%| S|CS|TAMS 0x0000000618c00000, 0x0000000618c00000| Complete 
| 190|0x0000000618e00000, 0x0000000619000000, 0x0000000619000000|100%| S|CS|TAMS 0x0000000618e00000, 0x0000000618e00000| Complete 
| 191|0x0000000619000000, 0x0000000619200000, 0x0000000619200000|100%| S|CS|TAMS 0x0000000619000000, 0x0000000619000000| Complete 
| 192|0x0000000619200000, 0x0000000619200000, 0x0000000619400000|  0%| F|  |TAMS 0x0000000619200000, 0x0000000619200000| Untracked 
| 193|0x0000000619400000, 0x0000000619400000, 0x0000000619600000|  0%| F|  |TAMS 0x0000000619400000, 0x0000000619400000| Untracked 
| 194|0x0000000619600000, 0x0000000619600000, 0x0000000619800000|  0%| F|  |TAMS 0x0000000619600000, 0x0000000619600000| Untracked 
| 195|0x0000000619800000, 0x0000000619800000, 0x0000000619a00000|  0%| F|  |TAMS 0x0000000619800000, 0x0000000619800000| Untracked 
| 196|0x0000000619a00000, 0x0000000619a00000, 0x0000000619c00000|  0%| F|  |TAMS 0x0000000619a00000, 0x0000000619a00000| Untracked 
| 197|0x0000000619c00000, 0x0000000619c00000, 0x0000000619e00000|  0%| F|  |TAMS 0x0000000619c00000, 0x0000000619c00000| Untracked 
| 198|0x0000000619e00000, 0x0000000619e00000, 0x000000061a000000|  0%| F|  |TAMS 0x0000000619e00000, 0x0000000619e00000| Untracked 
| 199|0x000000061a000000, 0x000000061a000000, 0x000000061a200000|  0%| F|  |TAMS 0x000000061a000000, 0x000000061a000000| Untracked 
| 200|0x000000061a200000, 0x000000061a200000, 0x000000061a400000|  0%| F|  |TAMS 0x000000061a200000, 0x000000061a200000| Untracked 
| 201|0x000000061a400000, 0x000000061a400000, 0x000000061a600000|  0%| F|  |TAMS 0x000000061a400000, 0x000000061a400000| Untracked 
| 202|0x000000061a600000, 0x000000061a600000, 0x000000061a800000|  0%| F|  |TAMS 0x000000061a600000, 0x000000061a600000| Untracked 
| 203|0x000000061a800000, 0x000000061a800000, 0x000000061aa00000|  0%| F|  |TAMS 0x000000061a800000, 0x000000061a800000| Untracked 
| 204|0x000000061aa00000, 0x000000061aa00000, 0x000000061ac00000|  0%| F|  |TAMS 0x000000061aa00000, 0x000000061aa00000| Untracked 
| 205|0x000000061ac00000, 0x000000061ac00000, 0x000000061ae00000|  0%| F|  |TAMS 0x000000061ac00000, 0x000000061ac00000| Untracked 
| 206|0x000000061ae00000, 0x000000061aeac070, 0x000000061b000000| 33%| E|  |TAMS 0x000000061ae00000, 0x000000061ae00000| Complete 
| 207|0x000000061b000000, 0x000000061b200000, 0x000000061b200000|100%| E|CS|TAMS 0x000000061b000000, 0x000000061b000000| Complete 
| 208|0x000000061b200000, 0x000000061b400000, 0x000000061b400000|100%| E|CS|TAMS 0x000000061b200000, 0x000000061b200000| Complete 
| 209|0x000000061b400000, 0x000000061b600000, 0x000000061b600000|100%| E|CS|TAMS 0x000000061b400000, 0x000000061b400000| Complete 
| 210|0x000000061b600000, 0x000000061b800000, 0x000000061b800000|100%| E|CS|TAMS 0x000000061b600000, 0x000000061b600000| Complete 
| 211|0x000000061b800000, 0x000000061ba00000, 0x000000061ba00000|100%| E|CS|TAMS 0x000000061b800000, 0x000000061b800000| Complete 
| 212|0x000000061ba00000, 0x000000061bc00000, 0x000000061bc00000|100%| E|CS|TAMS 0x000000061ba00000, 0x000000061ba00000| Complete 
| 213|0x000000061bc00000, 0x000000061be00000, 0x000000061be00000|100%| E|CS|TAMS 0x000000061bc00000, 0x000000061bc00000| Complete 
| 214|0x000000061be00000, 0x000000061c000000, 0x000000061c000000|100%| E|CS|TAMS 0x000000061be00000, 0x000000061be00000| Complete 
| 215|0x000000061c000000, 0x000000061c200000, 0x000000061c200000|100%| E|CS|TAMS 0x000000061c000000, 0x000000061c000000| Complete 
| 216|0x000000061c200000, 0x000000061c400000, 0x000000061c400000|100%| E|CS|TAMS 0x000000061c200000, 0x000000061c200000| Complete 
| 217|0x000000061c400000, 0x000000061c600000, 0x000000061c600000|100%| E|CS|TAMS 0x000000061c400000, 0x000000061c400000| Complete 
| 218|0x000000061c600000, 0x000000061c800000, 0x000000061c800000|100%| E|CS|TAMS 0x000000061c600000, 0x000000061c600000| Complete 
| 219|0x000000061c800000, 0x000000061ca00000, 0x000000061ca00000|100%| E|CS|TAMS 0x000000061c800000, 0x000000061c800000| Complete 
| 220|0x000000061ca00000, 0x000000061cc00000, 0x000000061cc00000|100%| E|CS|TAMS 0x000000061ca00000, 0x000000061ca00000| Complete 
| 221|0x000000061cc00000, 0x000000061ce00000, 0x000000061ce00000|100%| E|CS|TAMS 0x000000061cc00000, 0x000000061cc00000| Complete 
| 222|0x000000061ce00000, 0x000000061d000000, 0x000000061d000000|100%| E|CS|TAMS 0x000000061ce00000, 0x000000061ce00000| Complete 
| 223|0x000000061d000000, 0x000000061d200000, 0x000000061d200000|100%| E|CS|TAMS 0x000000061d000000, 0x000000061d000000| Complete 
| 224|0x000000061d200000, 0x000000061d400000, 0x000000061d400000|100%| E|CS|TAMS 0x000000061d200000, 0x000000061d200000| Complete 
| 225|0x000000061d400000, 0x000000061d600000, 0x000000061d600000|100%| E|CS|TAMS 0x000000061d400000, 0x000000061d400000| Complete 
| 226|0x000000061d600000, 0x000000061d800000, 0x000000061d800000|100%| E|CS|TAMS 0x000000061d600000, 0x000000061d600000| Complete 
| 227|0x000000061d800000, 0x000000061da00000, 0x000000061da00000|100%| E|CS|TAMS 0x000000061d800000, 0x000000061d800000| Complete 
| 228|0x000000061da00000, 0x000000061dc00000, 0x000000061dc00000|100%| E|CS|TAMS 0x000000061da00000, 0x000000061da00000| Complete 
| 229|0x000000061dc00000, 0x000000061de00000, 0x000000061de00000|100%| E|  |TAMS 0x000000061dc00000, 0x000000061dc00000| Complete 
| 230|0x000000061de00000, 0x000000061e000000, 0x000000061e000000|100%| E|CS|TAMS 0x000000061de00000, 0x000000061de00000| Complete 
| 231|0x000000061e000000, 0x000000061e200000, 0x000000061e200000|100%| E|CS|TAMS 0x000000061e000000, 0x000000061e000000| Complete 
| 232|0x000000061e200000, 0x000000061e400000, 0x000000061e400000|100%| E|CS|TAMS 0x000000061e200000, 0x000000061e200000| Complete 
| 233|0x000000061e400000, 0x000000061e600000, 0x000000061e600000|100%| E|CS|TAMS 0x000000061e400000, 0x000000061e400000| Complete 
| 234|0x000000061e600000, 0x000000061e800000, 0x000000061e800000|100%| E|CS|TAMS 0x000000061e600000, 0x000000061e600000| Complete 
| 235|0x000000061e800000, 0x000000061ea00000, 0x000000061ea00000|100%| E|CS|TAMS 0x000000061e800000, 0x000000061e800000| Complete 
| 236|0x000000061ea00000, 0x000000061ec00000, 0x000000061ec00000|100%| E|CS|TAMS 0x000000061ea00000, 0x000000061ea00000| Complete 
| 237|0x000000061ec00000, 0x000000061ee00000, 0x000000061ee00000|100%| E|CS|TAMS 0x000000061ec00000, 0x000000061ec00000| Complete 
| 238|0x000000061ee00000, 0x000000061f000000, 0x000000061f000000|100%| E|CS|TAMS 0x000000061ee00000, 0x000000061ee00000| Complete 
| 239|0x000000061f000000, 0x000000061f200000, 0x000000061f200000|100%| E|CS|TAMS 0x000000061f000000, 0x000000061f000000| Complete 
| 240|0x000000061f200000, 0x000000061f400000, 0x000000061f400000|100%| E|CS|TAMS 0x000000061f200000, 0x000000061f200000| Complete 
| 241|0x000000061f400000, 0x000000061f600000, 0x000000061f600000|100%| E|CS|TAMS 0x000000061f400000, 0x000000061f400000| Complete 
| 242|0x000000061f600000, 0x000000061f800000, 0x000000061f800000|100%| E|CS|TAMS 0x000000061f600000, 0x000000061f600000| Complete 
| 243|0x000000061f800000, 0x000000061fa00000, 0x000000061fa00000|100%| E|CS|TAMS 0x000000061f800000, 0x000000061f800000| Complete 
| 244|0x000000061fa00000, 0x000000061fc00000, 0x000000061fc00000|100%| E|CS|TAMS 0x000000061fa00000, 0x000000061fa00000| Complete 
| 245|0x000000061fc00000, 0x000000061fe00000, 0x000000061fe00000|100%| E|CS|TAMS 0x000000061fc00000, 0x000000061fc00000| Complete 
| 246|0x000000061fe00000, 0x0000000620000000, 0x0000000620000000|100%| E|CS|TAMS 0x000000061fe00000, 0x000000061fe00000| Complete 
| 247|0x0000000620000000, 0x0000000620200000, 0x0000000620200000|100%| E|CS|TAMS 0x0000000620000000, 0x0000000620000000| Complete 
| 248|0x0000000620200000, 0x0000000620400000, 0x0000000620400000|100%| E|CS|TAMS 0x0000000620200000, 0x0000000620200000| Complete 
| 249|0x0000000620400000, 0x0000000620600000, 0x0000000620600000|100%| E|CS|TAMS 0x0000000620400000, 0x0000000620400000| Complete 
| 250|0x0000000620600000, 0x0000000620800000, 0x0000000620800000|100%| E|CS|TAMS 0x0000000620600000, 0x0000000620600000| Complete 
| 251|0x0000000620800000, 0x0000000620a00000, 0x0000000620a00000|100%| E|CS|TAMS 0x0000000620800000, 0x0000000620800000| Complete 
| 252|0x0000000620a00000, 0x0000000620c00000, 0x0000000620c00000|100%| E|CS|TAMS 0x0000000620a00000, 0x0000000620a00000| Complete 
| 253|0x0000000620c00000, 0x0000000620e00000, 0x0000000620e00000|100%| E|CS|TAMS 0x0000000620c00000, 0x0000000620c00000| Complete 
| 254|0x0000000620e00000, 0x0000000621000000, 0x0000000621000000|100%| E|CS|TAMS 0x0000000620e00000, 0x0000000620e00000| Complete 
| 255|0x0000000621000000, 0x0000000621200000, 0x0000000621200000|100%| E|CS|TAMS 0x0000000621000000, 0x0000000621000000| Complete 

Card table byte_map: [0x0000015c6e9c0000,0x0000015c6f9c0000] _byte_map_base: 0x0000015c6b9b7000

Marking Bits (Prev, Next): (CMBitMap*) 0x0000015c544f9af0, (CMBitMap*) 0x0000015c544f9ab8
 Prev Bits: [0x0000015c00000000, 0x0000015c07fb8000)
 Next Bits: [0x0000015c709c0000, 0x0000015c78978000)

Polling page: 0x0000015c54530000

Metaspace:

Usage:
  Non-class:     20.71 MB capacity,    20.41 MB ( 99%) used,   241.92 KB (  1%) free+waste,    60.19 KB ( <1%) overhead. 
      Class:      2.21 MB capacity,     1.99 MB ( 90%) used,   197.93 KB (  9%) free+waste,    27.75 KB (  1%) overhead. 
       Both:     22.92 MB capacity,    22.40 MB ( 98%) used,   439.85 KB (  2%) free+waste,    87.94 KB ( <1%) overhead. 

Virtual space:
  Non-class space:       22.00 MB reserved,      20.75 MB ( 94%) committed 
      Class space:        1.00 GB reserved,       2.25 MB ( <1%) committed 
             Both:        1.02 GB reserved,      23.00 MB (  2%) committed 

Chunk freelists:
   Non-Class:  0 bytes
       Class:  0 bytes
        Both:  0 bytes

CodeHeap 'non-profiled nmethods': size=120000Kb used=1578Kb max_used=1578Kb free=118421Kb
 bounds [0x0000015c65a30000, 0x0000015c65ca0000, 0x0000015c6cf60000]
CodeHeap 'profiled nmethods': size=120000Kb used=5245Kb max_used=5245Kb free=114754Kb
 bounds [0x0000015c5e500000, 0x0000015c5ea20000, 0x0000015c65a30000]
CodeHeap 'non-nmethods': size=5760Kb used=1601Kb max_used=1645Kb free=4158Kb
 bounds [0x0000015c5df60000, 0x0000015c5e1d0000, 0x0000015c5e500000]
 total_blobs=4527 nmethods=2642 adapters=1081
 compilation: enabled
              stopped_count=0, restarted_count=0
 full_count=0

Compilation events (10 events):
Event: 19.747 Thread 0x0000015c7b706000 nmethod 2636 0x0000015c5ea17b90 code [0x0000015c5ea17d60, 0x0000015c5ea18190]
Event: 19.747 Thread 0x0000015c7b706000 2637       3       jdk.internal.ref.PhantomCleanable::clear (12 bytes)
Event: 19.747 Thread 0x0000015c7b706000 nmethod 2637 0x0000015c5ea18290 code [0x0000015c5ea18460, 0x0000015c5ea186d0]
Event: 19.748 Thread 0x0000015c7b706000 2638  s    3       java.io.FileDescriptor::close (9 bytes)
Event: 19.748 Thread 0x0000015c7b706000 nmethod 2638 0x0000015c5ea18790 code [0x0000015c5ea18980, 0x0000015c5ea18fe0]
Event: 19.759 Thread 0x0000015c7b706000 2640       3       jdk.internal.math.FloatingDecimal$ASCIIToBinaryBuffer::floatValue (1087 bytes)
Event: 19.761 Thread 0x0000015c7b706000 nmethod 2640 0x0000015c5ea19190 code [0x0000015c5ea195e0, 0x0000015c5ea1b530]
Event: 19.948 Thread 0x0000015c7b701800 2641       4       java.lang.Integer::hashCode (8 bytes)
Event: 19.948 Thread 0x0000015c7b701800 nmethod 2641 0x0000015c65bba610 code [0x0000015c65bba7a0, 0x0000015c65bba7f8]
Event: 19.961 Thread 0x0000015c7b706000 2642   !   3       java.util.concurrent.ConcurrentHashMap::replaceNode (437 bytes)

GC Heap History (4 events):
Event: 0.488 GC heap before
{Heap before GC invocations=0 (full 0):
 garbage-first heap   total 524288K, used 24576K [0x0000000601200000, 0x0000000800000000)
  region size 2048K, 12 young (24576K), 0 survivors (0K)
 Metaspace       used 11851K, capacity 12103K, committed 12288K, reserved 1060864K
  class space    used 1200K, capacity 1276K, committed 1280K, reserved 1048576K
}
Event: 0.492 GC heap after
{Heap after GC invocations=1 (full 0):
 garbage-first heap   total 524288K, used 3550K [0x0000000601200000, 0x0000000800000000)
  region size 2048K, 2 young (4096K), 2 survivors (4096K)
 Metaspace       used 11851K, capacity 12103K, committed 12288K, reserved 1060864K
  class space    used 1200K, capacity 1276K, committed 1280K, reserved 1048576K
}
Event: 12.287 GC heap before
{Heap before GC invocations=1 (full 0):
 garbage-first heap   total 524288K, used 128478K [0x0000000601200000, 0x0000000800000000)
  region size 2048K, 64 young (131072K), 2 survivors (4096K)
 Metaspace       used 20761K, capacity 21170K, committed 21248K, reserved 1069056K
  class space    used 1800K, capacity 1982K, committed 2048K, reserved 1048576K
}
Event: 12.293 GC heap after
{Heap after GC invocations=2 (full 0):
 garbage-first heap   total 524288K, used 5898K [0x0000000601200000, 0x0000000800000000)
  region size 2048K, 3 young (6144K), 3 survivors (6144K)
 Metaspace       used 20761K, capacity 21170K, committed 21248K, reserved 1069056K
  class space    used 1800K, capacity 1982K, committed 2048K, reserved 1048576K
}

Deoptimization events (10 events):
Event: 13.738 Thread 0x0000015c7d0e2000 Uncommon trap: reason=unstable_if action=reinterpret pc=0x0000015c65b09790 method=java.lang.StringLatin1.trim([B)Ljava/lang/String; @ 7 c2
Event: 13.860 Thread 0x0000015c7d0e2000 Uncommon trap: reason=unstable_if action=reinterpret pc=0x0000015c65b736c4 method=java.util.HashMap.clear()V @ 23 c2
Event: 14.606 Thread 0x0000015c7d0e2000 Uncommon trap: reason=unstable_if action=reinterpret pc=0x0000015c65b49e74 method=engine.io.InputHandler.isKeyDown(I)Z @ 5 c2
Event: 14.658 Thread 0x0000015c32e06800 Uncommon trap: reason=unstable_fused_if action=reinterpret pc=0x0000015c65b0facc method=jdk.internal.math.FloatingDecimal$ASCIIToBinaryBuffer.floatValue()F @ 95 c2
Event: 14.760 Thread 0x0000015c7d0e2000 Uncommon trap: reason=unstable_if action=reinterpret pc=0x0000015c65b7dea0 method=org.joml.Math.cosFromSin(DD)D @ 53 c2
Event: 14.760 Thread 0x0000015c7d0e2000 Uncommon trap: reason=unstable_if action=reinterpret pc=0x0000015c65b82624 method=org.joml.Math.cosFromSin(DD)D @ 53 c2
Event: 15.731 Thread 0x0000015c7d0e2000 Uncommon trap: reason=profile_predicate action=maybe_recompile pc=0x0000015c65baab24 method=game.map.ClientMap.checkFallingBlocks(Z)V @ 21 c2
Event: 15.747 Thread 0x0000015c7d0e2000 Uncommon trap: reason=profile_predicate action=maybe_recompile pc=0x0000015c65baab24 method=game.map.ClientMap.checkFallingBlocks(Z)V @ 21 c2
Event: 15.764 Thread 0x0000015c7d0e2000 Uncommon trap: reason=profile_predicate action=maybe_recompile pc=0x0000015c65baab24 method=game.map.ClientMap.checkFallingBlocks(Z)V @ 21 c2
Event: 15.780 Thread 0x0000015c7d0e2000 Uncommon trap: reason=profile_predicate action=maybe_recompile pc=0x0000015c65baab24 method=game.map.ClientMap.checkFallingBlocks(Z)V @ 21 c2

Classes redefined (0 events):
No events

Internal exceptions (10 events):
Event: 13.738 Thread 0x0000015c7d0e2000 Exception <a 'java/lang/NoSuchMethodError'{0x000000061d02d9c8}: java.lang.invoke.DirectMethodHandle$Holder.invokeStaticInit(Ljava/lang/Object;IIII)Ljava/lang/Object;> (0x000000061d02d9c8) thrown at [t:/workspace/open/src/hotspot/share/interpreter/linkReso
Event: 13.845 Thread 0x0000015c7d0e2000 Exception <a 'java/lang/NoSuchMethodError'{0x000000061d0e1398}: java.lang.invoke.DirectMethodHandle$Holder.invokeStatic(Ljava/lang/Object;Ljava/lang/Object;IIII)Ljava/lang/Object;> (0x000000061d0e1398) thrown at [t:/workspace/open/src/hotspot/share/interp
Event: 13.846 Thread 0x0000015c7d0e2000 Exception <a 'java/lang/NoSuchMethodError'{0x000000061d0e4928}: java.lang.invoke.DirectMethodHandle$Holder.invokeStaticInit(Ljava/lang/Object;Ljava/lang/Object;IIII)Ljava/lang/Object;> (0x000000061d0e4928) thrown at [t:/workspace/open/src/hotspot/share/in
Event: 14.646 Thread 0x0000015c7d0e2000 Exception <a 'java/lang/NoSuchMethodError'{0x000000061c8c0028}: java.lang.invoke.DirectMethodHandle$Holder.invokeSpecial(Ljava/lang/Object;Ljava/lang/Object;IILjava/lang/Object;Ljava/lang/Object;Ljava/lang/Object;Ljava/lang/Object;)Ljava/lang/Object;> (0x
Event: 14.646 Thread 0x0000015c7d0e2000 Exception <a 'java/lang/NoSuchMethodError'{0x000000061c8c3760}: java.lang.invoke.DelegatingMethodHandle$Holder.reinvoke_L(Ljava/lang/Object;IILjava/lang/Object;Ljava/lang/Object;Ljava/lang/Object;Ljava/lang/Object;)Ljava/lang/Object;> (0x000000061c8c3760)
Event: 14.649 Thread 0x0000015c7d0e2000 Exception <a 'java/lang/NoSuchMethodError'{0x000000061c8f76c8}: java.lang.invoke.DirectMethodHandle$Holder.invokeStatic(Ljava/lang/Object;Ljava/lang/Object;Ljava/lang/Object;Ljava/lang/Object;Ljava/lang/Object;Ljava/lang/Object;Ljava/lang/Object;Ljava/lan
Event: 14.651 Thread 0x0000015c7d0e2000 Exception <a 'java/lang/NoSuchMethodError'{0x000000061c9141e8}: java.lang.invoke.DirectMethodHandle$Holder.invokeStatic(Ljava/lang/Object;Ljava/lang/Object;Ljava/lang/Object;Ljava/lang/Object;Ljava/lang/Object;Ljava/lang/Object;Ljava/lang/Object;Ljava/lan
Event: 16.099 Thread 0x0000015c7d0e2000 Exception <a 'java/lang/NoSuchMethodError'{0x000000061ba0f7c8}: java.lang.invoke.DirectMethodHandle$Holder.invokeSpecial(Ljava/lang/Object;Ljava/lang/Object;IIIILjava/lang/Object;)Ljava/lang/Object;> (0x000000061ba0f7c8) thrown at [t:/workspace/open/src/h
Event: 16.100 Thread 0x0000015c7d0e2000 Exception <a 'java/lang/NoSuchMethodError'{0x000000061ba12b48}: java.lang.invoke.DelegatingMethodHandle$Holder.reinvoke_L(Ljava/lang/Object;IIIILjava/lang/Object;)Ljava/lang/Object;> (0x000000061ba12b48) thrown at [t:/workspace/open/src/hotspot/share/inte
Event: 19.277 Thread 0x0000015c32e06800 Exception <a 'java/net/SocketException'{0x000000061d3c2540}: Socket closed> (0x000000061d3c2540) thrown at [t:/workspace/open/src/hotspot/share/prims/jni.cpp, line 636]

Events (10 events):
Event: 19.277 Executing VM operation: RevokeBias
Event: 19.277 Executing VM operation: RevokeBias done
Event: 19.278 Executing VM operation: RevokeBias
Event: 19.278 Executing VM operation: RevokeBias done
Event: 19.278 Thread 0x0000015c7d0e2000 Thread exited: 0x0000015c7d0e2000
Event: 19.278 Thread 0x0000015c32e06800 Thread exited: 0x0000015c32e06800
Event: 19.279 Thread 0x0000015c7d0e2000 Thread added: 0x0000015c7d0e2000
Event: 19.423 Executing VM operation: RevokeBias
Event: 19.423 Executing VM operation: RevokeBias done
Event: 19.423 Thread 0x0000015c7b83e000 Thread exited: 0x0000015c7b83e000


Dynamic libraries:
0x00007ff7b1b10000 - 0x00007ff7b1b57000 	C:\Program Files\Java\jdk-11.0.2\bin\java.exe
0x00007ff93b470000 - 0x00007ff93b650000 	C:\WINDOWS\SYSTEM32\ntdll.dll
0x00007ff9390f0000 - 0x00007ff93919e000 	C:\WINDOWS\System32\KERNEL32.DLL
0x00007ff938130000 - 0x00007ff938396000 	C:\WINDOWS\System32\KERNELBASE.dll
0x00007ff939430000 - 0x00007ff9394d1000 	C:\WINDOWS\System32\ADVAPI32.dll
0x00007ff939050000 - 0x00007ff9390ed000 	C:\WINDOWS\System32\msvcrt.dll
0x00007ff939b30000 - 0x00007ff939b8b000 	C:\WINDOWS\System32\sechost.dll
0x00007ff938f10000 - 0x00007ff93902f000 	C:\WINDOWS\System32\RPCRT4.dll
0x00007ff939850000 - 0x00007ff9399df000 	C:\WINDOWS\System32\USER32.dll
0x00007ff9386d0000 - 0x00007ff9386f0000 	C:\WINDOWS\System32\win32u.dll
0x00007ff939290000 - 0x00007ff9392b8000 	C:\WINDOWS\System32\GDI32.dll
0x00007ff9386f0000 - 0x00007ff938883000 	C:\WINDOWS\System32\gdi32full.dll
0x00007ff938090000 - 0x00007ff93812b000 	C:\WINDOWS\System32\msvcp_win.dll
0x00007ff9385d0000 - 0x00007ff9386c4000 	C:\WINDOWS\System32\ucrtbase.dll
0x00007ff92d610000 - 0x00007ff92d879000 	C:\WINDOWS\WinSxS\amd64_microsoft.windows.common-controls_6595b64144ccf1df_6.0.16299.1087_none_0f9074b65a6589b7\COMCTL32.dll
0x00007ff9394e0000 - 0x00007ff9397e6000 	C:\WINDOWS\System32\combase.dll
0x00007ff937870000 - 0x00007ff9378e2000 	C:\WINDOWS\System32\bcryptPrimitives.dll
0x00007ff9364a0000 - 0x00007ff9364aa000 	C:\WINDOWS\SYSTEM32\VERSION.dll
0x00007ff938b00000 - 0x00007ff938b2d000 	C:\WINDOWS\System32\IMM32.DLL
0x00007ff92a7c0000 - 0x00007ff92a7d6000 	C:\Program Files\Java\jdk-11.0.2\bin\vcruntime140.dll
0x00007ff911380000 - 0x00007ff91142a000 	C:\Program Files\Java\jdk-11.0.2\bin\msvcp140.dll
0x00007ff8fe9c0000 - 0x00007ff8ff4e7000 	C:\Program Files\Java\jdk-11.0.2\bin\server\jvm.dll
0x00007ff939ff0000 - 0x00007ff939ff8000 	C:\WINDOWS\System32\PSAPI.DLL
0x00007ff936490000 - 0x00007ff936499000 	C:\WINDOWS\SYSTEM32\WSOCK32.dll
0x00007ff9340e0000 - 0x00007ff934103000 	C:\WINDOWS\SYSTEM32\WINMM.dll
0x00007ff9391a0000 - 0x00007ff93920c000 	C:\WINDOWS\System32\WS2_32.dll
0x00007ff934080000 - 0x00007ff9340aa000 	C:\WINDOWS\SYSTEM32\WINMMBASE.dll
0x00007ff938040000 - 0x00007ff93808a000 	C:\WINDOWS\System32\cfgmgr32.dll
0x00007ff937850000 - 0x00007ff937861000 	C:\WINDOWS\System32\kernel.appcore.dll
0x00007ff9297d0000 - 0x00007ff9297e1000 	C:\Program Files\Java\jdk-11.0.2\bin\verify.dll
0x00007ff925920000 - 0x00007ff925ae8000 	C:\WINDOWS\SYSTEM32\DBGHELP.DLL
0x00007ff9257d0000 - 0x00007ff9257f9000 	C:\WINDOWS\SYSTEM32\dbgcore.DLL
0x00007ff929530000 - 0x00007ff929559000 	C:\Program Files\Java\jdk-11.0.2\bin\java.dll
0x00007ff9309b0000 - 0x00007ff9309df000 	C:\Program Files\Java\jdk-11.0.2\bin\instrument.dll
0x00007ff928b30000 - 0x00007ff928b46000 	C:\Program Files\Java\jdk-11.0.2\bin\zip.dll
0x00007ff92dc90000 - 0x00007ff92dc9a000 	C:\Program Files\Java\jdk-11.0.2\bin\jimage.dll
0x00007ff93a000000 - 0x00007ff93b438000 	C:\WINDOWS\System32\SHELL32.dll
0x00007ff938940000 - 0x00007ff9389e6000 	C:\WINDOWS\System32\shcore.dll
0x00007ff9378f0000 - 0x00007ff938037000 	C:\WINDOWS\System32\windows.storage.dll
0x00007ff938c40000 - 0x00007ff938c91000 	C:\WINDOWS\System32\shlwapi.dll
0x00007ff9377c0000 - 0x00007ff93780c000 	C:\WINDOWS\System32\powrprof.dll
0x00007ff937810000 - 0x00007ff93782b000 	C:\WINDOWS\System32\profapi.dll
0x00007ff928b10000 - 0x00007ff928b29000 	C:\Program Files\Java\jdk-11.0.2\bin\net.dll
0x00007ff92d080000 - 0x00007ff92d15e000 	C:\WINDOWS\SYSTEM32\WINHTTP.dll
0x00007ff92c890000 - 0x00007ff92ca59000 	C:\WINDOWS\SYSTEM32\urlmon.dll
0x00007ff939030000 - 0x00007ff93904d000 	C:\WINDOWS\System32\imagehlp.dll
0x00007ff92c510000 - 0x00007ff92c7af000 	C:\WINDOWS\SYSTEM32\iertutil.dll
0x00007ff937230000 - 0x00007ff93723b000 	C:\WINDOWS\SYSTEM32\CRYPTBASE.DLL
0x00007ff937050000 - 0x00007ff9370b6000 	C:\WINDOWS\system32\mswsock.dll
0x00007ff928930000 - 0x00007ff928943000 	C:\Program Files\Java\jdk-11.0.2\bin\nio.dll
0x00007ff930990000 - 0x00007ff9309aa000 	C:\Program Files\JetBrains\IntelliJ IDEA 2018.3.4\bin\breakgen64.dll
0x00007ff91d0b0000 - 0x00007ff91d0c6000 	C:\WINDOWS\system32\napinsp.dll
0x00007ff91ced0000 - 0x00007ff91ceea000 	C:\WINDOWS\system32\pnrpnsp.dll
0x00007ff936e20000 - 0x00007ff936ed6000 	C:\WINDOWS\SYSTEM32\DNSAPI.dll
0x00007ff939b90000 - 0x00007ff939b98000 	C:\WINDOWS\System32\NSI.dll
0x00007ff936de0000 - 0x00007ff936e19000 	C:\WINDOWS\SYSTEM32\IPHLPAPI.DLL
0x00007ff91d0a0000 - 0x00007ff91d0ae000 	C:\WINDOWS\System32\winrnr.dll
0x00007ff934660000 - 0x00007ff934678000 	C:\WINDOWS\system32\NLAapi.dll
0x00007ff92c240000 - 0x00007ff92c24a000 	C:\Windows\System32\rasadhlp.dll
0x00007ff92d010000 - 0x00007ff92d080000 	C:\WINDOWS\System32\fwpuclnt.dll
0x00007ff937320000 - 0x00007ff937345000 	C:\WINDOWS\SYSTEM32\bcrypt.dll
0x00007ff919600000 - 0x00007ff919663000 	C:\Users\nEwt\AppData\Local\Temp\lwjglnEwt\3.2.1-build-12\lwjgl.dll
0x00007ff922eb0000 - 0x00007ff922f0e000 	C:\Users\nEwt\AppData\Local\Temp\lwjglnEwt\3.2.1-build-12\glfw.dll
0x00007ff935bb0000 - 0x00007ff935c45000 	C:\WINDOWS\system32\uxtheme.dll
0x00007ff9375d0000 - 0x00007ff9375f7000 	C:\WINDOWS\SYSTEM32\DEVOBJ.dll
0x00007ff935ec0000 - 0x00007ff935eea000 	C:\WINDOWS\SYSTEM32\dwmapi.dll
0x00007ff932290000 - 0x00007ff9322be000 	C:\WINDOWS\SYSTEM32\inputhost.dll
0x00007ff9354a0000 - 0x00007ff93557c000 	C:\WINDOWS\SYSTEM32\CoreMessaging.dll
0x00007ff9327c0000 - 0x00007ff932aae000 	C:\WINDOWS\SYSTEM32\CoreUIComponents.dll
0x00007ff9368f0000 - 0x00007ff936921000 	C:\WINDOWS\SYSTEM32\ntmarta.dll
0x00007ff933770000 - 0x00007ff9338a6000 	C:\WINDOWS\SYSTEM32\wintypes.dll
0x00007ff9392c0000 - 0x00007ff939427000 	C:\WINDOWS\System32\MSCTF.dll
0x00007ff938e40000 - 0x00007ff938f04000 	C:\WINDOWS\System32\OLEAUT32.dll
0x00007ff939ba0000 - 0x00007ff939fee000 	C:\WINDOWS\System32\SETUPAPI.DLL
0x00007ff9383a0000 - 0x00007ff9383f9000 	C:\WINDOWS\System32\WINTRUST.dll
0x00007ff937830000 - 0x00007ff937842000 	C:\WINDOWS\System32\MSASN1.dll
0x00007ff938400000 - 0x00007ff9385ce000 	C:\WINDOWS\System32\CRYPT32.dll
0x00007ff909280000 - 0x00007ff90939e000 	C:\WINDOWS\SYSTEM32\opengl32.dll
0x00007ff92d8e0000 - 0x00007ff92d90c000 	C:\WINDOWS\SYSTEM32\GLU32.dll
0x000000006ce70000 - 0x000000006f4f4000 	C:\WINDOWS\System32\DriverStore\FileRepository\nv_dispi.inf_amd64_e7b3660b4830c245\nvoglv64.dll
0x00007ff9399e0000 - 0x00007ff939b29000 	C:\WINDOWS\System32\ole32.dll
0x00007ff933ea0000 - 0x00007ff933eb3000 	C:\WINDOWS\SYSTEM32\WTSAPI32.dll
0x00007ff917cc0000 - 0x00007ff917f6e000 	C:\WINDOWS\system32\nvspcap64.dll
0x00007ff936960000 - 0x00007ff9369b5000 	C:\WINDOWS\SYSTEM32\WINSTA.dll
0x00007ff8ff6e0000 - 0x00007ff8ff931000 	C:\Users\nEwt\AppData\Local\Temp\lwjglnEwt\3.2.1-build-12\jemalloc.dll
0x00007ff9195a0000 - 0x00007ff9195f8000 	C:\Users\nEwt\AppData\Local\Temp\lwjglnEwt\3.2.1-build-12\lwjgl_opengl.dll
0x00007ff925af0000 - 0x00007ff925b88000 	C:\WINDOWS\System32\TextInputFramework.dll
0x00007ff916820000 - 0x00007ff916899000 	C:\Users\nEwt\AppData\Local\Temp\lwjglnEwt\3.2.1-build-12\lwjgl_stb.dll
0x00007ff904eb0000 - 0x00007ff90504f000 	C:\Program Files\Java\jdk-11.0.2\bin\awt.dll
0x00007ff934ee0000 - 0x00007ff935498000 	C:\WINDOWS\SYSTEM32\d2d1.dll
0x00007ff935ad0000 - 0x00007ff935b58000 	C:\WINDOWS\SYSTEM32\apphelp.dll
0x00007ff937210000 - 0x00007ff937227000 	C:\WINDOWS\SYSTEM32\CRYPTSP.dll
0x00007ff936c50000 - 0x00007ff936c83000 	C:\WINDOWS\system32\rsaenh.dll
0x00007ff9376f0000 - 0x00007ff937719000 	C:\WINDOWS\SYSTEM32\USERENV.dll
0x00007ff92cf90000 - 0x00007ff92cfa6000 	C:\WINDOWS\SYSTEM32\dhcpcsvc6.DLL
0x00007ff92cf50000 - 0x00007ff92cf6a000 	C:\WINDOWS\SYSTEM32\dhcpcsvc.DLL
0x00007ff92d980000 - 0x00007ff92d9c3000 	C:\WINDOWS\SYSTEM32\dinput8.dll
0x00007ff927a00000 - 0x00007ff927a10000 	C:\WINDOWS\SYSTEM32\xinput1_4.dll
0x00007ff9363f0000 - 0x00007ff9363fc000 	C:\WINDOWS\SYSTEM32\HID.DLL

dbghelp: loaded successfully - version: 4.0.5 - missing functions: none
symbol engine: initialized successfully - sym options: 0x614 - pdb path: .;C:\Program Files\Java\jdk-11.0.2\bin;C:\WINDOWS\SYSTEM32;C:\WINDOWS\WinSxS\amd64_microsoft.windows.common-controls_6595b64144ccf1df_6.0.16299.1087_none_0f9074b65a6589b7;C:\Program Files\Java\jdk-11.0.2\bin\server;C:\Program Files\JetBrains\IntelliJ IDEA 2018.3.4\bin;C:\Users\nEwt\AppData\Local\Temp\lwjglnEwt\3.2.1-build-12;C:\WINDOWS\System32\DriverStore\FileRepository\nv_dispi.inf_amd64_e7b3660b4830c245

VM Arguments:
jvm_args: -javaagent:C:\Program Files\JetBrains\IntelliJ IDEA 2018.3.4\lib\idea_rt.jar=57797:C:\Program Files\JetBrains\IntelliJ IDEA 2018.3.4\bin -Dfile.encoding=UTF-8 
java_command: run.Main client 127.0.0.1 Matthias
java_class_path (initial): C:\Users\nEwt\Documents\_uni\FS19\Programmierprojekt\gruppe-8\out\production\classes;C:\Users\nEwt\Documents\_uni\FS19\Programmierprojekt\gruppe-8\out\production\resources;C:\Users\nEwt\.gradle\caches\modules-2\files-2.1\ch.qos.logback\logback-classic\1.0.9\258c3d8f956e7c8723f13fdea6b81e3d74201f68\logback-classic-1.0.9.jar;C:\Users\nEwt\.gradle\caches\modules-2\files-2.1\ch.qos.logback\logback-core\1.0.9\41916886a1df068ad1dfea9bcc649a7b8ea4553e\logback-core-1.0.9.jar;C:\Users\nEwt\.gradle\caches\modules-2\files-2.1\org.lwjgl\lwjgl-assimp\3.2.1\533badfdd0d594df44f6415aa50b23a1108dd42a\lwjgl-assimp-3.2.1.jar;C:\Users\nEwt\.gradle\caches\modules-2\files-2.1\org.lwjgl\lwjgl-bgfx\3.2.1\36a72fcb6c0627702371094fe6201ec824570bca\lwjgl-bgfx-3.2.1.jar;C:\Users\nEwt\.gradle\caches\modules-2\files-2.1\org.lwjgl\lwjgl-cuda\3.2.1\bded5cf2936238432e7c084a3b762833553b765c\lwjgl-cuda-3.2.1.jar;C:\Users\nEwt\.gradle\caches\modules-2\files-2.1\org.lwjgl\lwjgl-assimp\3.2.1\6092ce644167ab955f7733909bb8033b547ee6c5\lwjgl-assimp-3.2.1-natives-linux.jar;C:\Users\nEwt\.gradle\caches\modules-2\files-2.1\org.lwjgl\lwjgl-egl\3.2.1\ccc1bc59f15bf591b0d04c65c953c5bcf30c2b92\lwjgl-egl-3.2.1.jar;C:\Users\nEwt\.gradle\caches\modules-2\files-2.1\org.lwjgl\lwjgl-assimp\3.2.1\c416aba844ec3e64ef86ba424db23c6e8a101032\lwjgl-assimp-3.2.1-natives-windows.jar;C:\Users\nEwt\.gradle\caches\modules-2\files-2.1\org.lwjgl\lwjgl-glfw\3.2.1\27abb7f64894b61cad163791acd8113f0b21296\lwjgl-glfw-3.2.1.jar;C:\Users\nEwt\.gradle\caches\modules-2\files-2.1\org.lwjgl\lwjgl-jawt\3.2.1\9cece4d5b1027ee297653302bb6f7f909dbf6e67\lwjgl-jawt-3.2.1.jar;C:\Users\nEwt\.gradle\caches\modules-2\files-2.1\org.lwjgl\lwjgl-jemalloc\3.2.1\7a0c583fcbec32b15784f846df536e1837d83666\lwjgl-jemalloc-3.2.1.jar;C:\Users\nEwt\.gradle\caches\modules-2\files-2.1\org.lwjgl\lwjgl-bgfx\3.2.1\1c151b7c8e0d298f987d508eb13b39aa7609618\lwjgl-bgfx-3.2.1-natives-linux.jar;C:\Users\nEwt\.gradle\caches\modules-2\files-2.1\org.lwjgl\
Launcher Type: SUN_STANDARD

[Global flags]
     intx CICompilerCount                          = 4                                         {product} {ergonomic}
     uint ConcGCThreads                            = 2                                         {product} {ergonomic}
     uint G1ConcRefinementThreads                  = 8                                         {product} {ergonomic}
   size_t G1HeapRegionSize                         = 2097152                                   {product} {ergonomic}
    uintx GCDrainStackTargetSize                   = 64                                        {product} {ergonomic}
   size_t InitialHeapSize                          = 536870912                                 {product} {ergonomic}
   size_t MarkStackSize                            = 4194304                                   {product} {ergonomic}
   size_t MaxHeapSize                              = 8571060224                                {product} {ergonomic}
   size_t MaxNewSize                               = 5142216704                                {product} {ergonomic}
   size_t MinHeapDeltaBytes                        = 2097152                                   {product} {ergonomic}
    uintx NonNMethodCodeHeapSize                   = 5835340                                {pd product} {ergonomic}
    uintx NonProfiledCodeHeapSize                  = 122911450                              {pd product} {ergonomic}
    uintx ProfiledCodeHeapSize                     = 122911450                              {pd product} {ergonomic}
    uintx ReservedCodeCacheSize                    = 251658240                              {pd product} {ergonomic}
     bool SegmentedCodeCache                       = true                                      {product} {ergonomic}
     bool UseCompressedClassPointers               = true                                 {lp64_product} {ergonomic}
     bool UseCompressedOops                        = true                                 {lp64_product} {ergonomic}
     bool UseG1GC                                  = true                                      {product} {ergonomic}
     bool UseLargePagesIndividualAllocation        = false                                  {pd product} {ergonomic}

Logging:
Log output configuration:
 #0: stdout all=warning uptime,level,tags
 #1: stderr all=off uptime,level,tags

Environment Variables:
JAVA_HOME=C:\Program Files\Java\jdk-11.0.2
PATH=C:\ProgramData\DockerDesktop\version-bin;C:\Program Files\Docker\Docker\Resources\bin;C:\ProgramData\Boxstarter;C:\Program Files\NVIDIA GPU Computing Toolkit\CUDA\v9.0\bin;C:\Program Files\NVIDIA GPU Computing Toolkit\CUDA\v9.0\libnvvp;C:\Program Files\NVIDIA GPU Computing Toolkit\CUDA\v9.1\bin;C:\Program Files\NVIDIA GPU Computing Toolkit\CUDA\v9.1\libnvvp;C:\WINDOWS\system32;C:\WINDOWS;C:\WINDOWS\System32\Wbem;C:\WINDOWS\System32\WindowsPowerShell\v1.0\;C:\Program Files (x86)\ATI Technologies\ATI.ACE\Core-Static;C:\Program Files (x86)\NVIDIA Corporation\PhysX\Common;C:\WINDOWS\system32;C:\WINDOWS;C:\WINDOWS\System32\Wbem;C:\WINDOWS\System32\WindowsPowerShell\v1.0\;C:\Program Files (x86)\Skype\Phone\;C:\Program Files\Git\cmd;C:\WINDOWS\System32\OpenSSH\;C:\Program Files\nodejs\;C:\Gradle\gradle-5.2.1\bin;C:\Program Files\NVIDIA Corporation\NVIDIA NvDLISR;C:\Program Files\Java\jdk-11.0.2\bin;C:\Users\nEwt\AppData\Local\Programs\Python\Python37\Scripts\;C:\Users\nEwt\AppData\Local\Programs\Python\Python37\;C:\Users\nEwt\AppData\Local\Microsoft\WindowsApps;C:\Program Files\Microsoft VS Code\bin;C:\Users\nEwt\AppData\Local\atom\bin;C:\Users\nEwt\AppData\Roaming\npm;C:\Program Files\JetBrains\IntelliJ IDEA 2018.3.4\bin;C:\Users\nEwt\AppData\Local\GitHubDesktop\bin;C:\Program Files\Java\jdk-11.0.2\bin;
USERNAME=nEwt
OS=Windows_NT
PROCESSOR_IDENTIFIER=Intel64 Family 6 Model 94 Stepping 3, GenuineIntel



---------------  S Y S T E M  ---------------

OS: Windows 10 , 64 bit Build 16299 (10.0.16299.1087)

CPU:total 8 (initial active 8) (4 cores per cpu, 2 threads per core) family 6 model 94 stepping 3, cmov, cx8, fxsr, mmx, sse, sse2, sse3, ssse3, sse4.1, sse4.2, popcnt, avx, avx2, aes, clmul, erms, rtm, 3dnowpref, lzcnt, ht, tsc, tscinvbit, bmi1, bmi2, adx, fma

Memory: 4k page, system-wide physical 32688M (14238M free)
TotalPageFile size 37552M (AvailPageFile size 11692M)
current process WorkingSet (physical memory assigned to process): 1277M, peak: 1776M
current process commit charge ("private bytes"): 1988M, peak: 3515M

vm_info: Java HotSpot(TM) 64-Bit Server VM (11.0.2+9-LTS) for windows-amd64 JRE (11.0.2+9-LTS), built on Jan 18 2019 05:24:10 by "mach5one" with MS VC++ 15.5 (VS2017)

END.
